2025-12-17 17:29:58 - __main__ - INFO - Pipeline started
2025-12-17 18:08:20 - __main__ - INFO - Pipeline started
2025-12-17 18:09:44 - __main__ - INFO - Pipeline started
2025-12-17 18:09:44 - __main__ - INFO - Starting data extraction from S3 bucket
2025-12-17 18:09:44 - __main__ - INFO - Found 28 objects in bucket sigma-resources-museum
2025-12-17 18:09:45 - __main__ - INFO - Data extraction completed
2025-12-17 18:09:45 - __main__ - INFO - Starting data transformation
2025-12-17 18:09:45 - __main__ - INFO - Found 6 JSON files to process
2025-12-17 18:09:45 - __main__ - INFO - Found 4 CSV files to process
2025-12-17 18:09:45 - __main__ - INFO - Data transformation completed
2025-12-17 18:09:45 - __main__ - INFO - Skipping data push to database step as per argument
2025-12-18 11:07:23 - __main__ - INFO - Pipeline started
2025-12-18 11:09:32 - __main__ - INFO - Pipeline started
2025-12-18 11:09:32 - __main__ - INFO - Starting data extraction from S3 bucket
2025-12-18 11:09:33 - __main__ - INFO - Found 28 objects in bucket sigma-resources-museum
2025-12-18 11:09:34 - __main__ - INFO - Data extraction completed
2025-12-18 11:09:34 - __main__ - INFO - Starting data transformation
2025-12-18 11:09:34 - __main__ - INFO - Found 6 JSON files to process
2025-12-18 11:09:34 - __main__ - INFO - Found 4 CSV files to process
2025-12-18 11:09:34 - __main__ - INFO - Data transformation completed
2025-12-18 11:09:34 - __main__ - INFO - Skipping data push to database step as per argument
2025-12-18 11:09:40 - __main__ - INFO - Pipeline started
2025-12-18 11:09:54 - __main__ - INFO - Pipeline started
2025-12-18 11:09:54 - __main__ - INFO - Starting data extraction from S3 bucket
2025-12-18 11:09:54 - __main__ - INFO - Found 28 objects in bucket sigma-resources-museum
2025-12-18 11:09:55 - __main__ - INFO - Data extraction completed
2025-12-18 11:09:55 - __main__ - INFO - Starting data transformation
2025-12-18 11:09:55 - __main__ - INFO - Found 6 JSON files to process
2025-12-18 11:09:55 - __main__ - INFO - Found 4 CSV files to process
2025-12-18 11:09:55 - __main__ - INFO - Data transformation completed
2025-12-18 11:09:55 - __main__ - INFO - Connecting to database...
2025-12-18 11:09:55 - __main__ - INFO - Loading schema file...
2025-12-18 11:09:55 - __main__ - INFO - Executing schema...
2025-12-18 12:26:43 - __main__ - INFO - Pipeline started
2025-12-18 12:26:43 - __main__ - INFO - Starting data extraction from S3 bucket
2025-12-18 12:26:43 - __main__ - INFO - Found 28 objects in bucket sigma-resources-museum
2025-12-18 12:26:44 - __main__ - INFO - Data extraction completed
2025-12-18 12:26:44 - __main__ - INFO - Starting data transformation
2025-12-18 12:26:44 - __main__ - INFO - Found 6 JSON files to process
2025-12-18 12:26:44 - __main__ - INFO - Found 4 CSV files to process
2025-12-18 12:26:44 - __main__ - INFO - Data transformation completed
2025-12-18 12:26:44 - __main__ - INFO - Connecting to database...
2025-12-18 12:26:44 - __main__ - INFO - Executing schema...
2025-12-18 12:26:44 - __main__ - ERROR - Error loading data to DB: could not open file "combined_data/combined_exhibition_data.csv" for reading: No such file or directory
HINT:  COPY FROM instructs the PostgreSQL server process to read a file. You may want a client-side facility such as psql's \copy.

2025-12-18 12:27:34 - __main__ - INFO - Pipeline started
2025-12-18 12:27:34 - __main__ - INFO - Starting data extraction from S3 bucket
2025-12-18 12:27:34 - __main__ - INFO - Found 28 objects in bucket sigma-resources-museum
2025-12-18 12:27:35 - __main__ - INFO - Data extraction completed
2025-12-18 12:27:35 - __main__ - INFO - Starting data transformation
2025-12-18 12:27:35 - __main__ - INFO - Found 6 JSON files to process
2025-12-18 12:27:35 - __main__ - INFO - Found 4 CSV files to process
2025-12-18 12:27:35 - __main__ - INFO - Data transformation completed
2025-12-18 12:27:35 - __main__ - INFO - Connecting to database...
2025-12-18 12:27:35 - __main__ - INFO - Executing schema...
2025-12-18 12:27:35 - __main__ - INFO - Creating staging tables...
2025-12-18 12:27:35 - __main__ - INFO - Loading exhibition CSV into staging table...
2025-12-18 12:27:35 - __main__ - ERROR - Error loading data to DB: date/time field value out of range: "23/08/21"
HINT:  Perhaps you need a different "datestyle" setting.
CONTEXT:  COPY staging_exhibition, line 6, column start_date: "23/08/21"

2025-12-18 12:28:15 - __main__ - INFO - Pipeline started
2025-12-18 12:28:15 - __main__ - INFO - Starting data extraction from S3 bucket
2025-12-18 12:28:15 - __main__ - INFO - Found 28 objects in bucket sigma-resources-museum
2025-12-18 12:28:16 - __main__ - INFO - Data extraction completed
2025-12-18 12:28:16 - __main__ - INFO - Starting data transformation
2025-12-18 12:28:16 - __main__ - INFO - Found 6 JSON files to process
2025-12-18 12:28:16 - __main__ - INFO - Found 4 CSV files to process
2025-12-18 12:28:16 - __main__ - INFO - Data transformation completed
2025-12-18 12:28:16 - __main__ - INFO - Connecting to database...
2025-12-18 12:28:16 - __main__ - INFO - Executing schema...
2025-12-18 12:28:16 - __main__ - INFO - Creating staging tables...
2025-12-18 12:28:16 - __main__ - INFO - Loading exhibition CSV into staging table...
2025-12-18 12:28:16 - __main__ - INFO - Loading kiosk CSV into staging table...
2025-12-18 12:28:16 - __main__ - INFO - Populating reference tables...
2025-12-18 12:28:16 - __main__ - INFO - Inserting exhibitions...
2025-12-18 12:28:16 - __main__ - INFO - Inserting floor assignments...
2025-12-18 12:28:16 - __main__ - INFO - Inserting reviews...
2025-12-18 12:28:16 - __main__ - INFO - Inserting incidents...
2025-12-18 12:28:16 - __main__ - INFO - Data loading complete.
2025-12-18 12:28:16 - __main__ - INFO - Schema executed and connection closed
2025-12-18 15:40:21 - __main__ - INFO - Pipeline started
2025-12-18 15:40:21 - __main__ - INFO - Starting data extraction from S3 bucket
2025-12-18 15:40:21 - __main__ - INFO - Found 28 objects in bucket sigma-resources-museum
2025-12-18 15:40:22 - __main__ - INFO - Data extraction completed
2025-12-18 15:40:22 - __main__ - INFO - Starting data transformation
2025-12-18 15:40:22 - __main__ - INFO - Found 6 JSON files to process
2025-12-18 15:40:22 - __main__ - INFO - Found 4 CSV files to process
2025-12-18 15:40:22 - __main__ - INFO - Data transformation completed
2025-12-18 15:40:22 - __main__ - INFO - Connecting to database...
2025-12-18 15:40:23 - __main__ - INFO - Executing schema...
2025-12-18 15:40:23 - __main__ - INFO - Creating staging tables...
2025-12-18 15:40:23 - __main__ - INFO - Loading exhibition CSV into staging table...
2025-12-18 15:40:23 - __main__ - INFO - Loading kiosk CSV into staging table...
2025-12-18 15:40:23 - __main__ - INFO - Populating reference tables...
2025-12-18 15:40:23 - __main__ - INFO - Inserting exhibitions...
2025-12-18 15:40:23 - __main__ - INFO - Inserting floor assignments...
2025-12-18 15:40:23 - __main__ - INFO - Inserting reviews...
2025-12-18 15:40:23 - __main__ - INFO - Inserting incidents...
2025-12-18 15:40:23 - __main__ - INFO - Data loading complete.
2025-12-18 15:40:23 - __main__ - INFO - Schema executed and connection closed
2025-12-19 12:45:14 - __main__ - INFO - Pipeline started
2025-12-19 12:45:14 - __main__ - INFO - Starting data extraction from S3 bucket
2025-12-19 12:45:14 - __main__ - INFO - Found 28 objects in bucket sigma-resources-museum
2025-12-19 12:45:15 - __main__ - INFO - Data extraction completed
2025-12-19 12:45:15 - __main__ - INFO - Starting data transformation
2025-12-19 12:45:15 - __main__ - INFO - Found 6 JSON files to process
2025-12-19 12:47:35 - __main__ - INFO - Pipeline started
2025-12-19 12:47:35 - __main__ - INFO - Starting data extraction from S3 bucket
2025-12-19 12:47:35 - __main__ - INFO - Found 28 objects in bucket sigma-resources-museum
2025-12-19 12:47:36 - __main__ - INFO - Data extraction completed
2025-12-19 12:47:36 - __main__ - INFO - Starting data transformation
2025-12-19 12:47:36 - __main__ - INFO - Found 6 JSON files to process
2025-12-19 12:47:36 - __main__ - INFO - Found 4 CSV files to process
2025-12-19 12:47:36 - __main__ - INFO - Data transformation completed
2025-12-19 12:47:36 - __main__ - INFO - Skipping data push to database step as per argument
2025-12-19 14:22:28 - __main__ - INFO - Pipeline started
2025-12-19 14:22:28 - __main__ - INFO - Starting data extraction from S3 bucket
2025-12-19 14:22:28 - __main__ - INFO - Found 28 objects in bucket sigma-resources-museum
2025-12-19 14:22:29 - __main__ - INFO - Data extraction completed
2025-12-19 14:22:29 - __main__ - INFO - Starting data transformation
2025-12-19 14:22:29 - __main__ - INFO - Found 6 JSON files to process
2025-12-19 14:22:29 - __main__ - INFO - Found 4 CSV files to process
2025-12-19 14:22:29 - __main__ - INFO - Data transformation completed
2025-12-19 14:22:29 - __main__ - INFO - Connecting to database...
2025-12-19 14:22:29 - __main__ - INFO - Creating staging tables...
2025-12-19 14:22:29 - __main__ - INFO - Loading exhibition CSV into staging table...
2025-12-19 14:22:29 - __main__ - INFO - Loading kiosk CSV into staging table...
2025-12-19 14:22:29 - __main__ - INFO - Populating reference tables...
2025-12-19 14:22:29 - __main__ - INFO - Inserting exhibitions...
2025-12-19 14:22:29 - __main__ - INFO - Inserting floor assignments...
2025-12-19 14:22:29 - __main__ - INFO - Inserting reviews...
2025-12-19 14:22:29 - __main__ - INFO - Inserting incidents...
2025-12-19 14:22:29 - __main__ - INFO - Data loading complete.
2025-12-19 14:22:29 - __main__ - INFO - Schema executed and connection closed
2025-12-19 14:22:51 - __main__ - INFO - Pipeline started
2025-12-19 14:22:51 - __main__ - INFO - Starting data extraction from S3 bucket
2025-12-19 14:22:51 - __main__ - INFO - Found 28 objects in bucket sigma-resources-museum
2025-12-19 14:22:52 - __main__ - INFO - Data extraction completed
2025-12-19 14:22:52 - __main__ - INFO - Starting data transformation
2025-12-19 14:22:52 - __main__ - INFO - Found 6 JSON files to process
2025-12-19 14:22:52 - __main__ - INFO - Found 4 CSV files to process
2025-12-19 14:22:52 - __main__ - INFO - Data transformation completed
2025-12-19 14:22:52 - __main__ - INFO - Connecting to database...
2025-12-19 14:22:52 - __main__ - INFO - Creating staging tables...
2025-12-19 14:22:52 - __main__ - INFO - Loading exhibition CSV into staging table...
2025-12-19 14:22:52 - __main__ - INFO - Loading kiosk CSV into staging table...
2025-12-19 14:22:52 - __main__ - INFO - Populating reference tables...
2025-12-19 14:22:53 - __main__ - INFO - Inserting exhibitions...
2025-12-19 14:22:53 - __main__ - INFO - Inserting floor assignments...
2025-12-19 14:22:53 - __main__ - INFO - Inserting reviews...
2025-12-19 14:22:53 - __main__ - INFO - Inserting incidents...
2025-12-19 14:22:53 - __main__ - INFO - Data loading complete.
2025-12-19 14:22:53 - __main__ - INFO - Database updated,  connection closed
2026-01-05 16:48:18 - __main__ - INFO - Pipeline started
2026-01-05 16:48:18 - __main__ - INFO - Skipping data extraction step as per argument
2026-01-05 16:48:18 - __main__ - INFO - Starting data transformation
2026-01-05 16:48:18 - __main__ - INFO - Found 6 JSON files to process
2026-01-05 16:48:18 - __main__ - INFO - Found 4 CSV files to process
2026-01-05 16:48:18 - __main__ - INFO - Data transformation completed
2026-01-05 16:48:18 - __main__ - INFO - Connecting to database...
2026-01-05 16:48:18 - __main__ - ERROR - Error loading data to DB: could not translate host name "c21-george-museum.c57vkec7dkkx.eu-west-2.rds.amazonaws.com" to address: nodename nor servname provided, or not known

2026-01-05 16:48:33 - __main__ - INFO - Pipeline started
2026-01-05 16:48:33 - __main__ - INFO - Starting data extraction from S3 bucket
2026-01-05 16:48:33 - __main__ - INFO - Found 28 objects in bucket sigma-resources-museum
2026-01-05 16:48:34 - __main__ - INFO - Data extraction completed
2026-01-05 16:48:34 - __main__ - INFO - Starting data transformation
2026-01-05 16:48:34 - __main__ - INFO - Found 6 JSON files to process
2026-01-05 16:48:34 - __main__ - INFO - Found 4 CSV files to process
2026-01-05 16:48:34 - __main__ - INFO - Data transformation completed
2026-01-05 16:48:34 - __main__ - INFO - Connecting to database...
2026-01-05 16:48:34 - __main__ - ERROR - Error loading data to DB: could not translate host name "c21-george-museum.c57vkec7dkkx.eu-west-2.rds.amazonaws.com" to address: nodename nor servname provided, or not known

2026-01-05 16:59:08 - __main__ - INFO - Pipeline started
2026-01-05 16:59:08 - __main__ - INFO - Starting data extraction from S3 bucket
2026-01-05 16:59:09 - __main__ - INFO - Found 28 objects in bucket sigma-resources-museum
2026-01-05 16:59:26 - __main__ - INFO - Pipeline started
2026-01-05 16:59:26 - __main__ - INFO - Starting data extraction from S3 bucket
2026-01-05 16:59:27 - __main__ - INFO - Found 28 objects in bucket sigma-resources-museum
2026-01-05 16:59:27 - __main__ - INFO - Data extraction completed
2026-01-05 16:59:27 - __main__ - INFO - Starting data transformation
2026-01-05 16:59:27 - __main__ - INFO - Found 6 JSON files to process
2026-01-05 16:59:46 - __main__ - INFO - Pipeline started
2026-01-05 16:59:46 - __main__ - INFO - Starting data extraction from S3 bucket
2026-01-05 16:59:46 - __main__ - INFO - Found 28 objects in bucket sigma-resources-museum
2026-01-05 16:59:47 - __main__ - INFO - Data extraction completed
2026-01-05 16:59:47 - __main__ - INFO - Starting data transformation
2026-01-05 16:59:47 - __main__ - INFO - Found 6 JSON files to process
2026-01-05 16:59:47 - __main__ - INFO - Found 4 CSV files to process
2026-01-05 16:59:47 - __main__ - INFO - Data transformation completed
2026-01-05 16:59:47 - __main__ - INFO - Connecting to database...
2026-01-05 16:59:47 - __main__ - INFO - Creating staging tables...
2026-01-05 16:59:48 - __main__ - INFO - Loading exhibition CSV into staging table...
2026-01-05 16:59:48 - __main__ - INFO - Loading kiosk CSV into staging table...
2026-01-05 16:59:48 - __main__ - INFO - Populating reference tables...
2026-01-05 16:59:48 - __main__ - ERROR - Error loading data to DB: relation "department" does not exist
LINE 2:         INSERT INTO department(department_name)
                            ^

2026-01-05 17:00:13 - __main__ - INFO - Pipeline started
2026-01-05 17:00:13 - __main__ - INFO - Starting data extraction from S3 bucket
2026-01-05 17:00:14 - __main__ - INFO - Found 28 objects in bucket sigma-resources-museum
2026-01-05 17:00:15 - __main__ - INFO - Data extraction completed
2026-01-05 17:00:15 - __main__ - INFO - Starting data transformation
2026-01-05 17:00:15 - __main__ - INFO - Found 6 JSON files to process
2026-01-05 17:00:15 - __main__ - INFO - Found 4 CSV files to process
2026-01-05 17:00:15 - __main__ - INFO - Data transformation completed
2026-01-05 17:00:15 - __main__ - INFO - Connecting to database...
2026-01-05 17:00:15 - __main__ - INFO - Creating staging tables...
2026-01-05 17:00:15 - __main__ - INFO - Loading exhibition CSV into staging table...
2026-01-05 17:00:15 - __main__ - INFO - Loading kiosk CSV into staging table...
2026-01-05 17:00:15 - __main__ - INFO - Populating reference tables...
2026-01-05 17:00:15 - __main__ - ERROR - Error loading data to DB: relation "department" does not exist
LINE 2:         INSERT INTO department(department_name)
                            ^

2026-01-05 17:05:10 - __main__ - INFO - Pipeline started
2026-01-05 17:05:10 - __main__ - INFO - Starting data extraction from S3 bucket
2026-01-05 17:05:10 - __main__ - INFO - Found 28 objects in bucket sigma-resources-museum
2026-01-05 17:05:11 - __main__ - INFO - Data extraction completed
2026-01-05 17:05:11 - __main__ - INFO - Starting data transformation
2026-01-05 17:05:11 - __main__ - INFO - Found 6 JSON files to process
2026-01-05 17:05:11 - __main__ - INFO - Found 4 CSV files to process
2026-01-05 17:05:11 - __main__ - INFO - Data transformation completed
2026-01-05 17:05:11 - __main__ - INFO - Connecting to database...
2026-01-05 17:05:11 - __main__ - INFO - Creating staging tables...
2026-01-05 17:05:11 - __main__ - INFO - Loading exhibition CSV into staging table...
2026-01-05 17:05:12 - __main__ - INFO - Loading kiosk CSV into staging table...
2026-01-05 17:05:12 - __main__ - INFO - Populating reference tables...
2026-01-05 17:05:12 - __main__ - INFO - Inserting exhibitions...
2026-01-05 17:05:12 - __main__ - INFO - Inserting floor assignments...
2026-01-05 17:05:12 - __main__ - INFO - Inserting reviews...
2026-01-05 17:05:12 - __main__ - INFO - Inserting incidents...
2026-01-05 17:05:12 - __main__ - INFO - Data loading complete.
2026-01-05 17:05:12 - __main__ - INFO - Database updated,  connection closed
